<?xml version="1.0" encoding="UTF-8"?>
<testng-results skipped="0" failed="0" ignored="0" total="3" passed="3">
  <reporter-output>
  </reporter-output>
  <suite name="Default suite" duration-ms="51849" started-at="2019-06-26T12:44:15Z" finished-at="2019-06-26T12:45:07Z">
    <groups>
    </groups>
    <test name="Default test" duration-ms="51849" started-at="2019-06-26T12:44:15Z" finished-at="2019-06-26T12:45:07Z">
      <class name="control.TC_02">
        <test-method status="PASS" signature="reset()[pri:0, instance:control.TC_02@1593948d]" name="reset" duration-ms="568" started-at="2019-06-26T12:44:59Z" description="&#039;UserID&#039; textbox and &#039;Password&#039; is empty when user click &#039;reset&#039; button " finished-at="2019-06-26T12:44:59Z">
          <reporter-output>
          </reporter-output>
        </test-method> <!-- reset -->
      </class> <!-- control.TC_02 -->
      <class name="control.TC_01">
        <test-method status="PASS" signature="start()[pri:0, instance:control.TC_01@1b604f19]" name="start" is-config="true" duration-ms="13665" started-at="2019-06-26T12:44:15Z" finished-at="2019-06-26T12:44:29Z">
          <reporter-output>
          </reporter-output>
        </test-method> <!-- start -->
        <test-method status="PASS" signature="start()[pri:0, instance:control.TC_02@1593948d]" name="start" is-config="true" duration-ms="12874" started-at="2019-06-26T12:44:29Z" finished-at="2019-06-26T12:44:42Z">
          <reporter-output>
          </reporter-output>
        </test-method> <!-- start -->
        <test-method status="PASS" signature="start()[pri:0, instance:control.TC_03@7823a2f9]" name="start" is-config="true" duration-ms="17142" started-at="2019-06-26T12:44:42Z" finished-at="2019-06-26T12:44:59Z">
          <reporter-output>
          </reporter-output>
        </test-method> <!-- start -->
        <test-method status="PASS" signature="login()[pri:0, instance:control.TC_01@1b604f19]" name="login" duration-ms="3111" started-at="2019-06-26T12:44:59Z" description="login successfully with valid UserID and Password" finished-at="2019-06-26T12:45:02Z">
          <reporter-output>
          </reporter-output>
        </test-method> <!-- login -->
        <test-method status="PASS" signature="close()[pri:0, instance:control.TC_01@1b604f19]" name="close" is-config="true" duration-ms="741" started-at="2019-06-26T12:45:05Z" finished-at="2019-06-26T12:45:06Z">
          <reporter-output>
          </reporter-output>
        </test-method> <!-- close -->
        <test-method status="PASS" signature="close()[pri:0, instance:control.TC_02@1593948d]" name="close" is-config="true" duration-ms="1" started-at="2019-06-26T12:45:06Z" finished-at="2019-06-26T12:45:06Z">
          <reporter-output>
          </reporter-output>
        </test-method> <!-- close -->
        <test-method status="PASS" signature="close()[pri:0, instance:control.TC_03@7823a2f9]" name="close" is-config="true" duration-ms="675" started-at="2019-06-26T12:45:06Z" finished-at="2019-06-26T12:45:07Z">
          <reporter-output>
          </reporter-output>
        </test-method> <!-- close -->
      </class> <!-- control.TC_01 -->
      <class name="control.TC_03">
        <test-method status="PASS" signature="changePassword()[pri:0, instance:control.TC_03@7823a2f9]" name="changePassword" duration-ms="3004" started-at="2019-06-26T12:45:02Z" description="change password successfully when user enter valid &#039;old password&#039;and &#039;new password&#039;" finished-at="2019-06-26T12:45:05Z">
          <reporter-output>
          </reporter-output>
        </test-method> <!-- changePassword -->
      </class> <!-- control.TC_03 -->
    </test> <!-- Default test -->
  </suite> <!-- Default suite -->
</testng-results>
