<?xml version="1.0" encoding="UTF-8"?>
<testng-results skipped="0" failed="0" ignored="0" total="1" passed="1">
  <reporter-output>
  </reporter-output>
  <suite name="Default suite" duration-ms="69747" started-at="2019-06-26T07:50:36Z" finished-at="2019-06-26T07:51:46Z">
    <groups>
    </groups>
    <test name="Default test" duration-ms="69747" started-at="2019-06-26T07:50:36Z" finished-at="2019-06-26T07:51:46Z">
      <class name="test.TC_03">
        <test-method status="PASS" signature="TC_03()[pri:0, instance:test.TC_03@47c62251]" name="TC_03" duration-ms="69709" started-at="2019-06-26T07:50:36Z" description="change password" finished-at="2019-06-26T07:51:46Z">
          <reporter-output>
          </reporter-output>
        </test-method> <!-- TC_03 -->
      </class> <!-- test.TC_03 -->
    </test> <!-- Default test -->
  </suite> <!-- Default suite -->
</testng-results>
